
*** Running vivado
    with args -log MainSystem.vds -m64 -mode batch -messageDb vivado.pb -notrace -source MainSystem.tcl


****** Vivado v2015.2 (64-bit)
  **** SW Build 1266856 on Fri Jun 26 16:35:25 MDT 2015
  **** IP Build 1264090 on Wed Jun 24 14:22:01 MDT 2015
    ** Copyright 1986-2015 Xilinx, Inc. All Rights Reserved.

source MainSystem.tcl -notrace
Command: synth_design -top MainSystem -part xc7a100tcsg324-1
Starting synth_design
Attempting to get a license for feature 'Synthesis' and/or device 'xc7a100t'
INFO: [Common 17-349] Got license for feature 'Synthesis' and/or device 'xc7a100t'
---------------------------------------------------------------------------------
Starting RTL Elaboration : Time (s): cpu = 00:00:04 ; elapsed = 00:00:04 . Memory (MB): peak = 261.000 ; gain = 88.977
---------------------------------------------------------------------------------
INFO: [Synth 8-638] synthesizing module 'MainSystem' [D:/Digital-logic-master/WashingmachineCS.srcs/sources_1/imports/new/ControlSystem.v:2]
	Parameter idle bound to: 4'b0000 
	Parameter water1 bound to: 4'b0001 
	Parameter wash bound to: 4'b0011 
	Parameter drain1 bound to: 4'b0111 
	Parameter dry1 bound to: 4'b0110 
	Parameter water2 bound to: 4'b0100 
	Parameter rinse bound to: 4'b1100 
	Parameter drain2 bound to: 4'b1000 
	Parameter dry2 bound to: 4'b1001 
	Parameter dor bound to: 4'b1111 
	Parameter SEC bound to: 31'b0000001110010011100001110000000 
	Parameter AN_CLK bound to: 16'b0000001111101000 
	Parameter LED_CLK bound to: 31'b0000000100110001001011010000000 
	Parameter BUL_CLK bound to: 31'b0000001001100010010110100000000 
INFO: [Synth 8-155] case statement is not full and has no default [D:/Digital-logic-master/WashingmachineCS.srcs/sources_1/imports/new/ControlSystem.v:233]
INFO: [Synth 8-155] case statement is not full and has no default [D:/Digital-logic-master/WashingmachineCS.srcs/sources_1/imports/new/ControlSystem.v:238]
INFO: [Synth 8-155] case statement is not full and has no default [D:/Digital-logic-master/WashingmachineCS.srcs/sources_1/imports/new/ControlSystem.v:243]
INFO: [Synth 8-256] done synthesizing module 'MainSystem' (1#1) [D:/Digital-logic-master/WashingmachineCS.srcs/sources_1/imports/new/ControlSystem.v:2]
---------------------------------------------------------------------------------
Finished RTL Elaboration : Time (s): cpu = 00:00:05 ; elapsed = 00:00:05 . Memory (MB): peak = 301.926 ; gain = 129.902
---------------------------------------------------------------------------------

Report Check Netlist: 
+------+------------------+-------+---------+-------+------------------+
|      |Item              |Errors |Warnings |Status |Description       |
+------+------------------+-------+---------+-------+------------------+
|1     |multi_driven_nets |      0|        0|Passed |Multi driven nets |
+------+------------------+-------+---------+-------+------------------+
---------------------------------------------------------------------------------
Finished RTL Optimization Phase 1 : Time (s): cpu = 00:00:05 ; elapsed = 00:00:06 . Memory (MB): peak = 301.926 ; gain = 129.902
---------------------------------------------------------------------------------
INFO: [Device 21-403] Loading part xc7a100tcsg324-1
INFO: [Project 1-570] Preparing netlist for logic optimization

Processing XDC Constraints
Initializing timing engine
Parsing XDC File [D:/Digital-logic-master/Nexys4DDR_Master.xdc]
Finished Parsing XDC File [D:/Digital-logic-master/Nexys4DDR_Master.xdc]
Completed Processing XDC Constraints

INFO: [Project 1-111] Unisim Transformation Summary:
No Unisim elements were transformed.

Constraint Validation Runtime : Time (s): cpu = 00:00:00 ; elapsed = 00:00:00.009 . Memory (MB): peak = 617.223 ; gain = 0.000
---------------------------------------------------------------------------------
Finished Constraint Validation : Time (s): cpu = 00:00:12 ; elapsed = 00:00:12 . Memory (MB): peak = 617.223 ; gain = 445.199
---------------------------------------------------------------------------------
---------------------------------------------------------------------------------
Start Loading Part and Timing Information
---------------------------------------------------------------------------------
Loading part: xc7a100tcsg324-1
---------------------------------------------------------------------------------
Finished Loading Part and Timing Information : Time (s): cpu = 00:00:12 ; elapsed = 00:00:12 . Memory (MB): peak = 617.223 ; gain = 445.199
---------------------------------------------------------------------------------
---------------------------------------------------------------------------------
Start Applying 'set_property' XDC Constraints
---------------------------------------------------------------------------------
incorrect argument "-dict" for "set_property" at line 7 of file D:/Digital-logic-master/Nexys4DDR_Master.xdc
incorrect set of required parameters for "set_property" at line 7 of file D:/Digital-logic-master/Nexys4DDR_Master.xdc
---------------------------------------------------------------------
Usage:
  set_property
    [-help]
    [-quiet]
    attribute
    value
    object
    [{>|>>} <stdoutFile>]
---------------------------------------------------------------------
incorrect argument "-dict" for "set_property" at line 13 of file D:/Digital-logic-master/Nexys4DDR_Master.xdc
incorrect set of required parameters for "set_property" at line 13 of file D:/Digital-logic-master/Nexys4DDR_Master.xdc
---------------------------------------------------------------------
Usage:
  set_property
    [-help]
    [-quiet]
    attribute
    value
    object
    [{>|>>} <stdoutFile>]
---------------------------------------------------------------------
incorrect argument "-dict" for "set_property" at line 14 of file D:/Digital-logic-master/Nexys4DDR_Master.xdc
incorrect set of required parameters for "set_property" at line 14 of file D:/Digital-logic-master/Nexys4DDR_Master.xdc
---------------------------------------------------------------------
Usage:
  set_property
    [-help]
    [-quiet]
    attribute
    value
    object
    [{>|>>} <stdoutFile>]
---------------------------------------------------------------------
incorrect argument "-dict" for "set_property" at line 15 of file D:/Digital-logic-master/Nexys4DDR_Master.xdc
incorrect set of required parameters for "set_property" at line 15 of file D:/Digital-logic-master/Nexys4DDR_Master.xdc
---------------------------------------------------------------------
Usage:
  set_property
    [-help]
    [-quiet]
    attribute
    value
    object
    [{>|>>} <stdoutFile>]
---------------------------------------------------------------------
incorrect argument "-dict" for "set_property" at line 33 of file D:/Digital-logic-master/Nexys4DDR_Master.xdc
incorrect set of required parameters for "set_property" at line 33 of file D:/Digital-logic-master/Nexys4DDR_Master.xdc
---------------------------------------------------------------------
Usage:
  set_property
    [-help]
    [-quiet]
    attribute
    value
    object
    [{>|>>} <stdoutFile>]
---------------------------------------------------------------------
incorrect argument "-dict" for "set_property" at line 34 of file D:/Digital-logic-master/Nexys4DDR_Master.xdc
incorrect set of required parameters for "set_property" at line 34 of file D:/Digital-logic-master/Nexys4DDR_Master.xdc
---------------------------------------------------------------------
Usage:
  set_property
    [-help]
    [-quiet]
    attribute
    value
    object
    [{>|>>} <stdoutFile>]
---------------------------------------------------------------------
incorrect argument "-dict" for "set_property" at line 35 of file D:/Digital-logic-master/Nexys4DDR_Master.xdc
incorrect set of required parameters for "set_property" at line 35 of file D:/Digital-logic-master/Nexys4DDR_Master.xdc
---------------------------------------------------------------------
Usage:
  set_property
    [-help]
    [-quiet]
    attribute
    value
    object
    [{>|>>} <stdoutFile>]
---------------------------------------------------------------------
incorrect argument "-dict" for "set_property" at line 36 of file D:/Digital-logic-master/Nexys4DDR_Master.xdc
incorrect set of required parameters for "set_property" at line 36 of file D:/Digital-logic-master/Nexys4DDR_Master.xdc
---------------------------------------------------------------------
Usage:
  set_property
    [-help]
    [-quiet]
    attribute
    value
    object
    [{>|>>} <stdoutFile>]
---------------------------------------------------------------------
incorrect argument "-dict" for "set_property" at line 37 of file D:/Digital-logic-master/Nexys4DDR_Master.xdc
incorrect set of required parameters for "set_property" at line 37 of file D:/Digital-logic-master/Nexys4DDR_Master.xdc
---------------------------------------------------------------------
Usage:
  set_property
    [-help]
    [-quiet]
    attribute
    value
    object
    [{>|>>} <stdoutFile>]
---------------------------------------------------------------------
incorrect argument "-dict" for "set_property" at line 38 of file D:/Digital-logic-master/Nexys4DDR_Master.xdc
incorrect set of required parameters for "set_property" at line 38 of file D:/Digital-logic-master/Nexys4DDR_Master.xdc
---------------------------------------------------------------------
Usage:
  set_property
    [-help]
    [-quiet]
    attribute
    value
    object
    [{>|>>} <stdoutFile>]
---------------------------------------------------------------------
incorrect argument "-dict" for "set_property" at line 39 of file D:/Digital-logic-master/Nexys4DDR_Master.xdc
incorrect set of required parameters for "set_property" at line 39 of file D:/Digital-logic-master/Nexys4DDR_Master.xdc
---------------------------------------------------------------------
Usage:
  set_property
    [-help]
    [-quiet]
    attribute
    value
    object
    [{>|>>} <stdoutFile>]
---------------------------------------------------------------------
incorrect argument "-dict" for "set_property" at line 40 of file D:/Digital-logic-master/Nexys4DDR_Master.xdc
incorrect set of required parameters for "set_property" at line 40 of file D:/Digital-logic-master/Nexys4DDR_Master.xdc
---------------------------------------------------------------------
Usage:
  set_property
    [-help]
    [-quiet]
    attribute
    value
    object
    [{>|>>} <stdoutFile>]
---------------------------------------------------------------------
incorrect argument "-dict" for "set_property" at line 60 of file D:/Digital-logic-master/Nexys4DDR_Master.xdc
incorrect set of required parameters for "set_property" at line 60 of file D:/Digital-logic-master/Nexys4DDR_Master.xdc
---------------------------------------------------------------------
Usage:
  set_property
    [-help]
    [-quiet]
    attribute
    value
    object
    [{>|>>} <stdoutFile>]
---------------------------------------------------------------------
incorrect argument "-dict" for "set_property" at line 61 of file D:/Digital-logic-master/Nexys4DDR_Master.xdc
incorrect set of required parameters for "set_property" at line 61 of file D:/Digital-logic-master/Nexys4DDR_Master.xdc
---------------------------------------------------------------------
Usage:
  set_property
    [-help]
    [-quiet]
    attribute
    value
    object
    [{>|>>} <stdoutFile>]
---------------------------------------------------------------------
incorrect argument "-dict" for "set_property" at line 62 of file D:/Digital-logic-master/Nexys4DDR_Master.xdc
incorrect set of required parameters for "set_property" at line 62 of file D:/Digital-logic-master/Nexys4DDR_Master.xdc
---------------------------------------------------------------------
Usage:
  set_property
    [-help]
    [-quiet]
    attribute
    value
    object
    [{>|>>} <stdoutFile>]
---------------------------------------------------------------------
incorrect argument "-dict" for "set_property" at line 63 of file D:/Digital-logic-master/Nexys4DDR_Master.xdc
incorrect set of required parameters for "set_property" at line 63 of file D:/Digital-logic-master/Nexys4DDR_Master.xdc
---------------------------------------------------------------------
Usage:
  set_property
    [-help]
    [-quiet]
    attribute
    value
    object
    [{>|>>} <stdoutFile>]
---------------------------------------------------------------------
incorrect argument "-dict" for "set_property" at line 64 of file D:/Digital-logic-master/Nexys4DDR_Master.xdc
incorrect set of required parameters for "set_property" at line 64 of file D:/Digital-logic-master/Nexys4DDR_Master.xdc
---------------------------------------------------------------------
Usage:
  set_property
    [-help]
    [-quiet]
    attribute
    value
    object
    [{>|>>} <stdoutFile>]
---------------------------------------------------------------------
incorrect argument "-dict" for "set_property" at line 65 of file D:/Digital-logic-master/Nexys4DDR_Master.xdc
incorrect set of required parameters for "set_property" at line 65 of file D:/Digital-logic-master/Nexys4DDR_Master.xdc
---------------------------------------------------------------------
Usage:
  set_property
    [-help]
    [-quiet]
    attribute
    value
    object
    [{>|>>} <stdoutFile>]
---------------------------------------------------------------------
incorrect argument "-dict" for "set_property" at line 66 of file D:/Digital-logic-master/Nexys4DDR_Master.xdc
incorrect set of required parameters for "set_property" at line 66 of file D:/Digital-logic-master/Nexys4DDR_Master.xdc
---------------------------------------------------------------------
Usage:
  set_property
    [-help]
    [-quiet]
    attribute
    value
    object
    [{>|>>} <stdoutFile>]
---------------------------------------------------------------------
incorrect argument "-dict" for "set_property" at line 70 of file D:/Digital-logic-master/Nexys4DDR_Master.xdc
incorrect set of required parameters for "set_property" at line 70 of file D:/Digital-logic-master/Nexys4DDR_Master.xdc
---------------------------------------------------------------------
Usage:
  set_property
    [-help]
    [-quiet]
    attribute
    value
    object
    [{>|>>} <stdoutFile>]
---------------------------------------------------------------------
incorrect argument "-dict" for "set_property" at line 71 of file D:/Digital-logic-master/Nexys4DDR_Master.xdc
incorrect set of required parameters for "set_property" at line 71 of file D:/Digital-logic-master/Nexys4DDR_Master.xdc
---------------------------------------------------------------------
Usage:
  set_property
    [-help]
    [-quiet]
    attribute
    value
    object
    [{>|>>} <stdoutFile>]
---------------------------------------------------------------------
incorrect argument "-dict" for "set_property" at line 72 of file D:/Digital-logic-master/Nexys4DDR_Master.xdc
incorrect set of required parameters for "set_property" at line 72 of file D:/Digital-logic-master/Nexys4DDR_Master.xdc
---------------------------------------------------------------------
Usage:
  set_property
    [-help]
    [-quiet]
    attribute
    value
    object
    [{>|>>} <stdoutFile>]
---------------------------------------------------------------------
incorrect argument "-dict" for "set_property" at line 73 of file D:/Digital-logic-master/Nexys4DDR_Master.xdc
incorrect set of required parameters for "set_property" at line 73 of file D:/Digital-logic-master/Nexys4DDR_Master.xdc
---------------------------------------------------------------------
Usage:
  set_property
    [-help]
    [-quiet]
    attribute
    value
    object
    [{>|>>} <stdoutFile>]
---------------------------------------------------------------------
incorrect argument "-dict" for "set_property" at line 74 of file D:/Digital-logic-master/Nexys4DDR_Master.xdc
incorrect set of required parameters for "set_property" at line 74 of file D:/Digital-logic-master/Nexys4DDR_Master.xdc
---------------------------------------------------------------------
Usage:
  set_property
    [-help]
    [-quiet]
    attribute
    value
    object
    [{>|>>} <stdoutFile>]
---------------------------------------------------------------------
incorrect argument "-dict" for "set_property" at line 75 of file D:/Digital-logic-master/Nexys4DDR_Master.xdc
incorrect set of required parameters for "set_property" at line 75 of file D:/Digital-logic-master/Nexys4DDR_Master.xdc
---------------------------------------------------------------------
Usage:
  set_property
    [-help]
    [-quiet]
    attribute
    value
    object
    [{>|>>} <stdoutFile>]
---------------------------------------------------------------------
incorrect argument "-dict" for "set_property" at line 76 of file D:/Digital-logic-master/Nexys4DDR_Master.xdc
incorrect set of required parameters for "set_property" at line 76 of file D:/Digital-logic-master/Nexys4DDR_Master.xdc
---------------------------------------------------------------------
Usage:
  set_property
    [-help]
    [-quiet]
    attribute
    value
    object
    [{>|>>} <stdoutFile>]
---------------------------------------------------------------------
incorrect argument "-dict" for "set_property" at line 77 of file D:/Digital-logic-master/Nexys4DDR_Master.xdc
incorrect set of required parameters for "set_property" at line 77 of file D:/Digital-logic-master/Nexys4DDR_Master.xdc
---------------------------------------------------------------------
Usage:
  set_property
    [-help]
    [-quiet]
    attribute
    value
    object
    [{>|>>} <stdoutFile>]
---------------------------------------------------------------------
incorrect argument "-dict" for "set_property" at line 84 of file D:/Digital-logic-master/Nexys4DDR_Master.xdc
incorrect set of required parameters for "set_property" at line 84 of file D:/Digital-logic-master/Nexys4DDR_Master.xdc
---------------------------------------------------------------------
Usage:
  set_property
    [-help]
    [-quiet]
    attribute
    value
    object
    [{>|>>} <stdoutFile>]
---------------------------------------------------------------------
incorrect argument "-dict" for "set_property" at line 86 of file D:/Digital-logic-master/Nexys4DDR_Master.xdc
incorrect set of required parameters for "set_property" at line 86 of file D:/Digital-logic-master/Nexys4DDR_Master.xdc
---------------------------------------------------------------------
Usage:
  set_property
    [-help]
    [-quiet]
    attribute
    value
    object
    [{>|>>} <stdoutFile>]
---------------------------------------------------------------------
incorrect argument "-dict" for "set_property" at line 87 of file D:/Digital-logic-master/Nexys4DDR_Master.xdc
incorrect set of required parameters for "set_property" at line 87 of file D:/Digital-logic-master/Nexys4DDR_Master.xdc
---------------------------------------------------------------------
Usage:
  set_property
    [-help]
    [-quiet]
    attribute
    value
    object
    [{>|>>} <stdoutFile>]
---------------------------------------------------------------------
---------------------------------------------------------------------------------
Finished applying 'set_property' XDC Constraints : Time (s): cpu = 00:00:12 ; elapsed = 00:00:12 . Memory (MB): peak = 617.223 ; gain = 445.199
---------------------------------------------------------------------------------
INFO: [Synth 8-5546] ROM "count" won't be mapped to RAM because it is too sparse
INFO: [Synth 8-5546] ROM "an" won't be mapped to RAM because it is too sparse
INFO: [Synth 8-5545] ROM "led_count" won't be mapped to RAM because address size (32) is larger than maximum supported(18)
INFO: [Synth 8-5545] ROM "Reset" won't be mapped to RAM because address size (32) is larger than maximum supported(18)
INFO: [Synth 8-5545] ROM "sec" won't be mapped to RAM because address size (32) is larger than maximum supported(18)
INFO: [Synth 8-5545] ROM "sec" won't be mapped to RAM because address size (32) is larger than maximum supported(18)
INFO: [Synth 8-5546] ROM "next" won't be mapped to RAM because it is too sparse
INFO: [Synth 8-5546] ROM "next" won't be mapped to RAM because it is too sparse
INFO: [Synth 8-5546] ROM "next" won't be mapped to RAM because it is too sparse
INFO: [Synth 8-5546] ROM "next" won't be mapped to RAM because it is too sparse
---------------------------------------------------------------------------------
Finished RTL Optimization Phase 2 : Time (s): cpu = 00:00:13 ; elapsed = 00:00:14 . Memory (MB): peak = 617.223 ; gain = 445.199
---------------------------------------------------------------------------------

Report RTL Partitions: 
+-+--------------+------------+----------+
| |RTL Partition |Replication |Instances |
+-+--------------+------------+----------+
+-+--------------+------------+----------+
---------------------------------------------------------------------------------
Start RTL Component Statistics 
---------------------------------------------------------------------------------
Detailed RTL Component Info : 
+---Adders : 
	   2 Input     32 Bit       Adders := 2     
	   2 Input     16 Bit       Adders := 1     
	   2 Input      6 Bit       Adders := 1     
	   2 Input      5 Bit       Adders := 2     
	   2 Input      4 Bit       Adders := 2     
	   2 Input      3 Bit       Adders := 3     
+---Registers : 
	               32 Bit    Registers := 1     
	                8 Bit    Registers := 1     
	                7 Bit    Registers := 1     
	                6 Bit    Registers := 1     
	                5 Bit    Registers := 1     
	                4 Bit    Registers := 1     
	                3 Bit    Registers := 3     
	                2 Bit    Registers := 4     
	                1 Bit    Registers := 14    
+---Muxes : 
	   2 Input     32 Bit        Muxes := 28    
	   8 Input     32 Bit        Muxes := 2     
	   8 Input      8 Bit        Muxes := 1     
	  11 Input      7 Bit        Muxes := 4     
	   5 Input      7 Bit        Muxes := 1     
	   7 Input      7 Bit        Muxes := 2     
	   2 Input      6 Bit        Muxes := 42    
	   2 Input      5 Bit        Muxes := 60    
	   3 Input      4 Bit        Muxes := 3     
	   2 Input      4 Bit        Muxes := 5     
	   2 Input      3 Bit        Muxes := 90    
	   7 Input      3 Bit        Muxes := 30    
	  10 Input      3 Bit        Muxes := 2     
	   9 Input      3 Bit        Muxes := 2     
	   4 Input      3 Bit        Muxes := 1     
	   2 Input      2 Bit        Muxes := 65    
	   4 Input      2 Bit        Muxes := 12    
	  10 Input      2 Bit        Muxes := 3     
	   2 Input      1 Bit        Muxes := 84    
	  10 Input      1 Bit        Muxes := 2     
	   4 Input      1 Bit        Muxes := 11    
---------------------------------------------------------------------------------
Finished RTL Component Statistics 
---------------------------------------------------------------------------------
---------------------------------------------------------------------------------
Start RTL Hierarchical Component Statistics 
---------------------------------------------------------------------------------
Hierarchical RTL Component report 
Module MainSystem 
Detailed RTL Component Info : 
+---Adders : 
	   2 Input     32 Bit       Adders := 2     
	   2 Input     16 Bit       Adders := 1     
	   2 Input      6 Bit       Adders := 1     
	   2 Input      5 Bit       Adders := 2     
	   2 Input      4 Bit       Adders := 2     
	   2 Input      3 Bit       Adders := 3     
+---Registers : 
	               32 Bit    Registers := 1     
	                8 Bit    Registers := 1     
	                7 Bit    Registers := 1     
	                6 Bit    Registers := 1     
	                5 Bit    Registers := 1     
	                4 Bit    Registers := 1     
	                3 Bit    Registers := 3     
	                2 Bit    Registers := 4     
	                1 Bit    Registers := 14    
+---Muxes : 
	   2 Input     32 Bit        Muxes := 28    
	   8 Input     32 Bit        Muxes := 2     
	   8 Input      8 Bit        Muxes := 1     
	  11 Input      7 Bit        Muxes := 4     
	   5 Input      7 Bit        Muxes := 1     
	   7 Input      7 Bit        Muxes := 2     
	   2 Input      6 Bit        Muxes := 42    
	   2 Input      5 Bit        Muxes := 60    
	   3 Input      4 Bit        Muxes := 3     
	   2 Input      4 Bit        Muxes := 5     
	   2 Input      3 Bit        Muxes := 90    
	   7 Input      3 Bit        Muxes := 30    
	  10 Input      3 Bit        Muxes := 2     
	   9 Input      3 Bit        Muxes := 2     
	   4 Input      3 Bit        Muxes := 1     
	   2 Input      2 Bit        Muxes := 65    
	   4 Input      2 Bit        Muxes := 12    
	  10 Input      2 Bit        Muxes := 3     
	   2 Input      1 Bit        Muxes := 84    
	  10 Input      1 Bit        Muxes := 2     
	   4 Input      1 Bit        Muxes := 11    
---------------------------------------------------------------------------------
Finished RTL Hierarchical Component Statistics
---------------------------------------------------------------------------------
---------------------------------------------------------------------------------
Start Part Resource Summary
---------------------------------------------------------------------------------
Part Resources:
DSPs: 240 (col length:80)
BRAMs: 270 (col length: RAMB18 80 RAMB36 40)
---------------------------------------------------------------------------------
Finished Part Resource Summary
---------------------------------------------------------------------------------
Start Parallel Synthesis Optimization  : Time (s): cpu = 00:00:13 ; elapsed = 00:00:14 . Memory (MB): peak = 617.223 ; gain = 445.199
---------------------------------------------------------------------------------
Start Cross Boundary Optimization
---------------------------------------------------------------------------------
INFO: [Synth 8-5546] ROM "count" won't be mapped to RAM because it is too sparse
INFO: [Synth 8-5545] ROM "sec" won't be mapped to RAM because address size (32) is larger than maximum supported(18)
INFO: [Synth 8-5545] ROM "sec" won't be mapped to RAM because address size (32) is larger than maximum supported(18)
INFO: [Synth 8-5545] ROM "Reset" won't be mapped to RAM because address size (32) is larger than maximum supported(18)
INFO: [Synth 8-5545] ROM "p_0_out" won't be mapped to RAM because address size (32) is larger than maximum supported(18)
INFO: [Synth 8-5545] ROM "p_0_out" won't be mapped to RAM because address size (32) is larger than maximum supported(18)
INFO: [Synth 8-5546] ROM "an" won't be mapped to RAM because it is too sparse
INFO: [Synth 8-5545] ROM "led_count" won't be mapped to RAM because address size (32) is larger than maximum supported(18)
---------------------------------------------------------------------------------
Finished Cross Boundary Optimization : Time (s): cpu = 00:00:15 ; elapsed = 00:00:15 . Memory (MB): peak = 617.223 ; gain = 445.199
---------------------------------------------------------------------------------
Finished Parallel Reinference  : Time (s): cpu = 00:00:15 ; elapsed = 00:00:15 . Memory (MB): peak = 617.223 ; gain = 445.199

Report RTL Partitions: 
+-+--------------+------------+----------+
| |RTL Partition |Replication |Instances |
+-+--------------+------------+----------+
+-+--------------+------------+----------+
---------------------------------------------------------------------------------
Start Area Optimization
---------------------------------------------------------------------------------
INFO: [Synth 8-3333] propagating constant 0 across sequential element (i_4/\b_time_reg[31] )
WARNING: [Synth 8-3332] Sequential element (\b_time_reg[29] ) is unused and will be removed from module MainSystem.
WARNING: [Synth 8-3332] Sequential element (\b_time_reg[30] ) is unused and will be removed from module MainSystem.
WARNING: [Synth 8-3332] Sequential element (\b_time_reg[31] ) is unused and will be removed from module MainSystem.
---------------------------------------------------------------------------------
Finished Area Optimization : Time (s): cpu = 00:00:25 ; elapsed = 00:00:27 . Memory (MB): peak = 619.629 ; gain = 447.605
---------------------------------------------------------------------------------
Finished Parallel Area Optimization  : Time (s): cpu = 00:00:25 ; elapsed = 00:00:27 . Memory (MB): peak = 619.629 ; gain = 447.605

Report RTL Partitions: 
+-+--------------+------------+----------+
| |RTL Partition |Replication |Instances |
+-+--------------+------------+----------+
+-+--------------+------------+----------+
Finished Parallel Synthesis Optimization  : Time (s): cpu = 00:00:25 ; elapsed = 00:00:27 . Memory (MB): peak = 619.629 ; gain = 447.605
---------------------------------------------------------------------------------
Start Timing Optimization
---------------------------------------------------------------------------------
---------------------------------------------------------------------------------
Start Applying XDC Timing Constraints
---------------------------------------------------------------------------------
incorrect argument "-dict" for "set_property" at line 7 of file D:/Digital-logic-master/Nexys4DDR_Master.xdc
incorrect set of required parameters for "set_property" at line 7 of file D:/Digital-logic-master/Nexys4DDR_Master.xdc
---------------------------------------------------------------------
Usage:
  set_property
    [-help]
    [-quiet]
    attribute
    value
    object
    [{>|>>} <stdoutFile>]
---------------------------------------------------------------------
incorrect argument "-dict" for "set_property" at line 13 of file D:/Digital-logic-master/Nexys4DDR_Master.xdc
incorrect set of required parameters for "set_property" at line 13 of file D:/Digital-logic-master/Nexys4DDR_Master.xdc
---------------------------------------------------------------------
Usage:
  set_property
    [-help]
    [-quiet]
    attribute
    value
    object
    [{>|>>} <stdoutFile>]
---------------------------------------------------------------------
incorrect argument "-dict" for "set_property" at line 14 of file D:/Digital-logic-master/Nexys4DDR_Master.xdc
incorrect set of required parameters for "set_property" at line 14 of file D:/Digital-logic-master/Nexys4DDR_Master.xdc
---------------------------------------------------------------------
Usage:
  set_property
    [-help]
    [-quiet]
    attribute
    value
    object
    [{>|>>} <stdoutFile>]
---------------------------------------------------------------------
incorrect argument "-dict" for "set_property" at line 15 of file D:/Digital-logic-master/Nexys4DDR_Master.xdc
incorrect set of required parameters for "set_property" at line 15 of file D:/Digital-logic-master/Nexys4DDR_Master.xdc
---------------------------------------------------------------------
Usage:
  set_property
    [-help]
    [-quiet]
    attribute
    value
    object
    [{>|>>} <stdoutFile>]
---------------------------------------------------------------------
incorrect argument "-dict" for "set_property" at line 33 of file D:/Digital-logic-master/Nexys4DDR_Master.xdc
incorrect set of required parameters for "set_property" at line 33 of file D:/Digital-logic-master/Nexys4DDR_Master.xdc
---------------------------------------------------------------------
Usage:
  set_property
    [-help]
    [-quiet]
    attribute
    value
    object
    [{>|>>} <stdoutFile>]
---------------------------------------------------------------------
incorrect argument "-dict" for "set_property" at line 34 of file D:/Digital-logic-master/Nexys4DDR_Master.xdc
incorrect set of required parameters for "set_property" at line 34 of file D:/Digital-logic-master/Nexys4DDR_Master.xdc
---------------------------------------------------------------------
Usage:
  set_property
    [-help]
    [-quiet]
    attribute
    value
    object
    [{>|>>} <stdoutFile>]
---------------------------------------------------------------------
incorrect argument "-dict" for "set_property" at line 35 of file D:/Digital-logic-master/Nexys4DDR_Master.xdc
incorrect set of required parameters for "set_property" at line 35 of file D:/Digital-logic-master/Nexys4DDR_Master.xdc
---------------------------------------------------------------------
Usage:
  set_property
    [-help]
    [-quiet]
    attribute
    value
    object
    [{>|>>} <stdoutFile>]
---------------------------------------------------------------------
incorrect argument "-dict" for "set_property" at line 36 of file D:/Digital-logic-master/Nexys4DDR_Master.xdc
incorrect set of required parameters for "set_property" at line 36 of file D:/Digital-logic-master/Nexys4DDR_Master.xdc
---------------------------------------------------------------------
Usage:
  set_property
    [-help]
    [-quiet]
    attribute
    value
    object
    [{>|>>} <stdoutFile>]
---------------------------------------------------------------------
incorrect argument "-dict" for "set_property" at line 37 of file D:/Digital-logic-master/Nexys4DDR_Master.xdc
incorrect set of required parameters for "set_property" at line 37 of file D:/Digital-logic-master/Nexys4DDR_Master.xdc
---------------------------------------------------------------------
Usage:
  set_property
    [-help]
    [-quiet]
    attribute
    value
    object
    [{>|>>} <stdoutFile>]
---------------------------------------------------------------------
incorrect argument "-dict" for "set_property" at line 38 of file D:/Digital-logic-master/Nexys4DDR_Master.xdc
incorrect set of required parameters for "set_property" at line 38 of file D:/Digital-logic-master/Nexys4DDR_Master.xdc
---------------------------------------------------------------------
Usage:
  set_property
    [-help]
    [-quiet]
    attribute
    value
    object
    [{>|>>} <stdoutFile>]
---------------------------------------------------------------------
incorrect argument "-dict" for "set_property" at line 39 of file D:/Digital-logic-master/Nexys4DDR_Master.xdc
incorrect set of required parameters for "set_property" at line 39 of file D:/Digital-logic-master/Nexys4DDR_Master.xdc
---------------------------------------------------------------------
Usage:
  set_property
    [-help]
    [-quiet]
    attribute
    value
    object
    [{>|>>} <stdoutFile>]
---------------------------------------------------------------------
incorrect argument "-dict" for "set_property" at line 40 of file D:/Digital-logic-master/Nexys4DDR_Master.xdc
incorrect set of required parameters for "set_property" at line 40 of file D:/Digital-logic-master/Nexys4DDR_Master.xdc
---------------------------------------------------------------------
Usage:
  set_property
    [-help]
    [-quiet]
    attribute
    value
    object
    [{>|>>} <stdoutFile>]
---------------------------------------------------------------------
incorrect argument "-dict" for "set_property" at line 60 of file D:/Digital-logic-master/Nexys4DDR_Master.xdc
incorrect set of required parameters for "set_property" at line 60 of file D:/Digital-logic-master/Nexys4DDR_Master.xdc
---------------------------------------------------------------------
Usage:
  set_property
    [-help]
    [-quiet]
    attribute
    value
    object
    [{>|>>} <stdoutFile>]
---------------------------------------------------------------------
incorrect argument "-dict" for "set_property" at line 61 of file D:/Digital-logic-master/Nexys4DDR_Master.xdc
incorrect set of required parameters for "set_property" at line 61 of file D:/Digital-logic-master/Nexys4DDR_Master.xdc
---------------------------------------------------------------------
Usage:
  set_property
    [-help]
    [-quiet]
    attribute
    value
    object
    [{>|>>} <stdoutFile>]
---------------------------------------------------------------------
incorrect argument "-dict" for "set_property" at line 62 of file D:/Digital-logic-master/Nexys4DDR_Master.xdc
incorrect set of required parameters for "set_property" at line 62 of file D:/Digital-logic-master/Nexys4DDR_Master.xdc
---------------------------------------------------------------------
Usage:
  set_property
    [-help]
    [-quiet]
    attribute
    value
    object
    [{>|>>} <stdoutFile>]
---------------------------------------------------------------------
incorrect argument "-dict" for "set_property" at line 63 of file D:/Digital-logic-master/Nexys4DDR_Master.xdc
incorrect set of required parameters for "set_property" at line 63 of file D:/Digital-logic-master/Nexys4DDR_Master.xdc
---------------------------------------------------------------------
Usage:
  set_property
    [-help]
    [-quiet]
    attribute
    value
    object
    [{>|>>} <stdoutFile>]
---------------------------------------------------------------------
incorrect argument "-dict" for "set_property" at line 64 of file D:/Digital-logic-master/Nexys4DDR_Master.xdc
incorrect set of required parameters for "set_property" at line 64 of file D:/Digital-logic-master/Nexys4DDR_Master.xdc
---------------------------------------------------------------------
Usage:
  set_property
    [-help]
    [-quiet]
    attribute
    value
    object
    [{>|>>} <stdoutFile>]
---------------------------------------------------------------------
incorrect argument "-dict" for "set_property" at line 65 of file D:/Digital-logic-master/Nexys4DDR_Master.xdc
incorrect set of required parameters for "set_property" at line 65 of file D:/Digital-logic-master/Nexys4DDR_Master.xdc
---------------------------------------------------------------------
Usage:
  set_property
    [-help]
    [-quiet]
    attribute
    value
    object
    [{>|>>} <stdoutFile>]
---------------------------------------------------------------------
incorrect argument "-dict" for "set_property" at line 66 of file D:/Digital-logic-master/Nexys4DDR_Master.xdc
incorrect set of required parameters for "set_property" at line 66 of file D:/Digital-logic-master/Nexys4DDR_Master.xdc
---------------------------------------------------------------------
Usage:
  set_property
    [-help]
    [-quiet]
    attribute
    value
    object
    [{>|>>} <stdoutFile>]
---------------------------------------------------------------------
incorrect argument "-dict" for "set_property" at line 70 of file D:/Digital-logic-master/Nexys4DDR_Master.xdc
incorrect set of required parameters for "set_property" at line 70 of file D:/Digital-logic-master/Nexys4DDR_Master.xdc
---------------------------------------------------------------------
Usage:
  set_property
    [-help]
    [-quiet]
    attribute
    value
    object
    [{>|>>} <stdoutFile>]
---------------------------------------------------------------------
incorrect argument "-dict" for "set_property" at line 71 of file D:/Digital-logic-master/Nexys4DDR_Master.xdc
incorrect set of required parameters for "set_property" at line 71 of file D:/Digital-logic-master/Nexys4DDR_Master.xdc
---------------------------------------------------------------------
Usage:
  set_property
    [-help]
    [-quiet]
    attribute
    value
    object
    [{>|>>} <stdoutFile>]
---------------------------------------------------------------------
incorrect argument "-dict" for "set_property" at line 72 of file D:/Digital-logic-master/Nexys4DDR_Master.xdc
incorrect set of required parameters for "set_property" at line 72 of file D:/Digital-logic-master/Nexys4DDR_Master.xdc
---------------------------------------------------------------------
Usage:
  set_property
    [-help]
    [-quiet]
    attribute
    value
    object
    [{>|>>} <stdoutFile>]
---------------------------------------------------------------------
incorrect argument "-dict" for "set_property" at line 73 of file D:/Digital-logic-master/Nexys4DDR_Master.xdc
incorrect set of required parameters for "set_property" at line 73 of file D:/Digital-logic-master/Nexys4DDR_Master.xdc
---------------------------------------------------------------------
Usage:
  set_property
    [-help]
    [-quiet]
    attribute
    value
    object
    [{>|>>} <stdoutFile>]
---------------------------------------------------------------------
incorrect argument "-dict" for "set_property" at line 74 of file D:/Digital-logic-master/Nexys4DDR_Master.xdc
incorrect set of required parameters for "set_property" at line 74 of file D:/Digital-logic-master/Nexys4DDR_Master.xdc
---------------------------------------------------------------------
Usage:
  set_property
    [-help]
    [-quiet]
    attribute
    value
    object
    [{>|>>} <stdoutFile>]
---------------------------------------------------------------------
incorrect argument "-dict" for "set_property" at line 75 of file D:/Digital-logic-master/Nexys4DDR_Master.xdc
incorrect set of required parameters for "set_property" at line 75 of file D:/Digital-logic-master/Nexys4DDR_Master.xdc
---------------------------------------------------------------------
Usage:
  set_property
    [-help]
    [-quiet]
    attribute
    value
    object
    [{>|>>} <stdoutFile>]
---------------------------------------------------------------------
incorrect argument "-dict" for "set_property" at line 76 of file D:/Digital-logic-master/Nexys4DDR_Master.xdc
incorrect set of required parameters for "set_property" at line 76 of file D:/Digital-logic-master/Nexys4DDR_Master.xdc
---------------------------------------------------------------------
Usage:
  set_property
    [-help]
    [-quiet]
    attribute
    value
    object
    [{>|>>} <stdoutFile>]
---------------------------------------------------------------------
incorrect argument "-dict" for "set_property" at line 77 of file D:/Digital-logic-master/Nexys4DDR_Master.xdc
incorrect set of required parameters for "set_property" at line 77 of file D:/Digital-logic-master/Nexys4DDR_Master.xdc
---------------------------------------------------------------------
Usage:
  set_property
    [-help]
    [-quiet]
    attribute
    value
    object
    [{>|>>} <stdoutFile>]
---------------------------------------------------------------------
incorrect argument "-dict" for "set_property" at line 84 of file D:/Digital-logic-master/Nexys4DDR_Master.xdc
incorrect set of required parameters for "set_property" at line 84 of file D:/Digital-logic-master/Nexys4DDR_Master.xdc
---------------------------------------------------------------------
Usage:
  set_property
    [-help]
    [-quiet]
    attribute
    value
    object
    [{>|>>} <stdoutFile>]
---------------------------------------------------------------------
incorrect argument "-dict" for "set_property" at line 86 of file D:/Digital-logic-master/Nexys4DDR_Master.xdc
incorrect set of required parameters for "set_property" at line 86 of file D:/Digital-logic-master/Nexys4DDR_Master.xdc
---------------------------------------------------------------------
Usage:
  set_property
    [-help]
    [-quiet]
    attribute
    value
    object
    [{>|>>} <stdoutFile>]
---------------------------------------------------------------------
incorrect argument "-dict" for "set_property" at line 87 of file D:/Digital-logic-master/Nexys4DDR_Master.xdc
incorrect set of required parameters for "set_property" at line 87 of file D:/Digital-logic-master/Nexys4DDR_Master.xdc
---------------------------------------------------------------------
Usage:
  set_property
    [-help]
    [-quiet]
    attribute
    value
    object
    [{>|>>} <stdoutFile>]
---------------------------------------------------------------------
---------------------------------------------------------------------------------
Finished Applying XDC Timing Constraints : Time (s): cpu = 00:00:36 ; elapsed = 00:00:37 . Memory (MB): peak = 619.813 ; gain = 447.789
---------------------------------------------------------------------------------
---------------------------------------------------------------------------------
Finished Timing Optimization : Time (s): cpu = 00:00:36 ; elapsed = 00:00:37 . Memory (MB): peak = 620.789 ; gain = 448.766
---------------------------------------------------------------------------------

Report RTL Partitions: 
+-+--------------+------------+----------+
| |RTL Partition |Replication |Instances |
+-+--------------+------------+----------+
+-+--------------+------------+----------+
---------------------------------------------------------------------------------
Start Technology Mapping
---------------------------------------------------------------------------------
---------------------------------------------------------------------------------
Finished Technology Mapping : Time (s): cpu = 00:00:39 ; elapsed = 00:00:41 . Memory (MB): peak = 691.906 ; gain = 519.883
---------------------------------------------------------------------------------

Report RTL Partitions: 
+-+--------------+------------+----------+
| |RTL Partition |Replication |Instances |
+-+--------------+------------+----------+
+-+--------------+------------+----------+
---------------------------------------------------------------------------------
Start IO Insertion
---------------------------------------------------------------------------------
---------------------------------------------------------------------------------
Start Final Netlist Cleanup
---------------------------------------------------------------------------------
---------------------------------------------------------------------------------
Finished Final Netlist Cleanup
---------------------------------------------------------------------------------
---------------------------------------------------------------------------------
Finished IO Insertion : Time (s): cpu = 00:00:40 ; elapsed = 00:00:42 . Memory (MB): peak = 691.906 ; gain = 519.883
---------------------------------------------------------------------------------

Report Check Netlist: 
+------+------------------+-------+---------+-------+------------------+
|      |Item              |Errors |Warnings |Status |Description       |
+------+------------------+-------+---------+-------+------------------+
|1     |multi_driven_nets |      0|        0|Passed |Multi driven nets |
+------+------------------+-------+---------+-------+------------------+
---------------------------------------------------------------------------------
Start Renaming Generated Instances
---------------------------------------------------------------------------------
---------------------------------------------------------------------------------
Finished Renaming Generated Instances : Time (s): cpu = 00:00:40 ; elapsed = 00:00:42 . Memory (MB): peak = 691.906 ; gain = 519.883
---------------------------------------------------------------------------------

Report RTL Partitions: 
+-+--------------+------------+----------+
| |RTL Partition |Replication |Instances |
+-+--------------+------------+----------+
+-+--------------+------------+----------+
---------------------------------------------------------------------------------
Start Rebuilding User Hierarchy
---------------------------------------------------------------------------------
---------------------------------------------------------------------------------
Finished Rebuilding User Hierarchy : Time (s): cpu = 00:00:40 ; elapsed = 00:00:42 . Memory (MB): peak = 691.906 ; gain = 519.883
---------------------------------------------------------------------------------
---------------------------------------------------------------------------------
Start Renaming Generated Ports : Time (s): cpu = 00:00:40 ; elapsed = 00:00:42 . Memory (MB): peak = 691.906 ; gain = 519.883
---------------------------------------------------------------------------------
---------------------------------------------------------------------------------
Finished Renaming Generated Ports : Time (s): cpu = 00:00:40 ; elapsed = 00:00:42 . Memory (MB): peak = 691.906 ; gain = 519.883
---------------------------------------------------------------------------------
---------------------------------------------------------------------------------
Start Writing Synthesis Report
---------------------------------------------------------------------------------

Report BlackBoxes: 
+-+--------------+----------+
| |BlackBox name |Instances |
+-+--------------+----------+
+-+--------------+----------+

Report Cell Usage: 
+------+-------+------+
|      |Cell   |Count |
+------+-------+------+
|1     |BUFG   |     1|
|2     |CARRY4 |    39|
|3     |LUT1   |    96|
|4     |LUT2   |   168|
|5     |LUT3   |    70|
|6     |LUT4   |    95|
|7     |LUT5   |   176|
|8     |LUT6   |   781|
|9     |MUXF7  |    15|
|10    |FDRE   |   174|
|11    |IBUF   |     7|
|12    |OBUF   |    23|
+------+-------+------+

Report Instance Areas: 
+------+---------+-------+------+
|      |Instance |Module |Cells |
+------+---------+-------+------+
|1     |top      |       |  1645|
+------+---------+-------+------+
---------------------------------------------------------------------------------
Finished Writing Synthesis Report : Time (s): cpu = 00:00:40 ; elapsed = 00:00:42 . Memory (MB): peak = 691.906 ; gain = 519.883
---------------------------------------------------------------------------------
Synthesis finished with 0 errors, 0 critical warnings and 3 warnings.
Synthesis Optimization Runtime : Time (s): cpu = 00:00:30 ; elapsed = 00:00:35 . Memory (MB): peak = 691.906 ; gain = 168.828
Synthesis Optimization Complete : Time (s): cpu = 00:00:40 ; elapsed = 00:00:42 . Memory (MB): peak = 691.906 ; gain = 519.883
INFO: [Project 1-571] Translating synthesized netlist
INFO: [Netlist 29-17] Analyzing 46 Unisim elements for replacement
INFO: [Netlist 29-28] Unisim Transformation completed in 0 CPU seconds
WARNING: [Netlist 29-101] Netlist 'MainSystem' is not ideal for floorplanning, since the cellview 'MainSystem' contains a large number of primitives.  Please consider enabling hierarchy in synthesis if you want to do floorplanning.
INFO: [Project 1-570] Preparing netlist for logic optimization
INFO: [Opt 31-138] Pushed 1 inverter(s) to 4 load pin(s).
INFO: [Project 1-111] Unisim Transformation Summary:
No Unisim elements were transformed.

INFO: [Common 17-83] Releasing license: Synthesis
35 Infos, 4 Warnings, 0 Critical Warnings and 0 Errors encountered.
synth_design completed successfully
synth_design: Time (s): cpu = 00:00:39 ; elapsed = 00:00:41 . Memory (MB): peak = 691.906 ; gain = 485.309
report_utilization: Time (s): cpu = 00:00:00 ; elapsed = 00:00:00.043 . Memory (MB): peak = 691.906 ; gain = 0.000
INFO: [Common 17-206] Exiting Vivado at Tue Oct 09 16:54:16 2018...
